[13-Jul-2010 15:39:00] PHP Fatal error: Uncaught exception 'Exception' with message 'Query error: Unknown column 'tl_member.pid' in 'where clause' (DELETE FROM tl_member WHERE NOT EXISTS (SELECT * FROM tl_tvfi_bdf_bo_societe_vendeuse WHERE tl_member.pid = tl_tvfi_bdf_bo_societe_vendeuse.id))' thrown in /Users/alaittinozcan/Sites/contao/system/libraries/Database.php on line 599
[13-Jul-2010 15:39:01] PHP Fatal error: Uncaught exception 'Exception' with message 'Query error: Unknown column 'tl_member.pid' in 'where clause' (DELETE FROM tl_member WHERE NOT EXISTS (SELECT * FROM tl_tvfi_bdf_bo_societe_vendeuse WHERE tl_member.pid = tl_tvfi_bdf_bo_societe_vendeuse.id))' thrown in /Users/alaittinozcan/Sites/contao/system/libraries/Database.php on line 599
[13-Jul-2010 15:39:02] PHP Fatal error: Uncaught exception 'Exception' with message 'Query error: Unknown column 'tl_member.pid' in 'where clause' (DELETE FROM tl_member WHERE NOT EXISTS (SELECT * FROM tl_tvfi_bdf_bo_societe_vendeuse WHERE tl_member.pid = tl_tvfi_bdf_bo_societe_vendeuse.id))' thrown in /Users/alaittinozcan/Sites/contao/system/libraries/Database.php on line 599
[13-Jul-2010 15:39:04] PHP Fatal error: Uncaught exception 'Exception' with message 'Query error: Unknown column 'tl_member.pid' in 'where clause' (DELETE FROM tl_member WHERE NOT EXISTS (SELECT * FROM tl_tvfi_bdf_bo_societe_vendeuse WHERE tl_member.pid = tl_tvfi_bdf_bo_societe_vendeuse.id))' thrown in /Users/alaittinozcan/Sites/contao/system/libraries/Database.php on line 599
[13-Jul-2010 15:39:04] PHP Fatal error: Uncaught exception 'Exception' with message 'Query error: Unknown column 'tl_member.pid' in 'where clause' (DELETE FROM tl_member WHERE NOT EXISTS (SELECT * FROM tl_tvfi_bdf_bo_societe_vendeuse WHERE tl_member.pid = tl_tvfi_bdf_bo_societe_vendeuse.id))' thrown in /Users/alaittinozcan/Sites/contao/system/libraries/Database.php on line 599
[15-Jul-2010 12:03:55] PHP Fatal error: Uncaught exception 'Exception' with message 'Query error: You have an error in your SQL syntax; check the manual that corresponds to your MySQL server version for the right syntax to use near 'bo_contact_vendeur' at line 1 (SELECT id, fcv_nom bo_contact_vendeur FROM bo_contact_vendeur ORDER BY fcv_nom bo_contact_vendeur)' thrown in /Users/alaittinozcan/Sites/contao/system/libraries/Database.php on line 599
[15-Jul-2010 12:05:14] PHP Fatal error: Uncaught exception 'Exception' with message 'Query error: Unknown column 'id' in 'field list' (SELECT id, fcv_nom FROM bo_contact_vendeur ORDER BY fcv_nom)' thrown in /Users/alaittinozcan/Sites/contao/system/libraries/Database.php on line 599
[15-Jul-2010 12:21:29] PHP Fatal error: Uncaught exception 'Exception' with message 'Query error: You have an error in your SQL syntax; check the manual that corresponds to your MySQL server version for the right syntax to use near 'tl_tvfi_bo_contact_vendeur' at line 1 (SELECT id, fcv_nom tl_tvfi_bo_contact_vendeur FROM tl_tvfi_bo_contact_vendeur ORDER BY fcv_nom tl_tvfi_bo_contact_vendeur)' thrown in /Users/alaittinozcan/Sites/contao/system/libraries/Database.php on line 599
[15-Jul-2010 12:28:42] PHP Fatal error: Uncaught exception 'Exception' with message 'Query error: Unknown column 'tl_tvfi_bo_contact_vendeur' in 'field list' (SELECT id, fcv_nom,tl_tvfi_bo_contact_vendeur FROM tl_tvfi_bo_contact_vendeur ORDER BY fcv_nom,tl_tvfi_bo_contact_vendeur)' thrown in /Users/alaittinozcan/Sites/contao/system/libraries/Database.php on line 599
[15-Jul-2010 12:30:27] PHP Fatal error: Uncaught exception 'Exception' with message 'Query error: You have an error in your SQL syntax; check the manual that corresponds to your MySQL server version for the right syntax to use near ') FROM concat(tl_tvfi_bo_contact_vendeur ORDER BY fcv_nom,fcv_prenom)' at line 1 (SELECT id, fcv_nom,fcv_prenom) FROM concat(tl_tvfi_bo_contact_vendeur ORDER BY fcv_nom,fcv_prenom))' thrown in /Users/alaittinozcan/Sites/contao/system/libraries/Database.php on line 599
[15-Jul-2010 13:21:56] PHP Warning: in_array() expects parameter 2 to be array, null given in /Users/alaittinozcan/Sites/contao/system/libraries/System.php on line 145
[15-Jul-2010 15:00:43] PHP Recoverable error: Argument 2 passed to Programme::boContactVendeursListAsArray() must be an instance of DataContainer, none given, called in /Users/alaittinozcan/Sites/contao/system/libraries/Controller.php on line 2104 and defined in /Users/alaittinozcan/Sites/contao/system/modules/tvfi_programme/Programme.php on line 81
[15-Jul-2010 15:00:43] PHP Warning: Invalid argument supplied for foreach() in /Users/alaittinozcan/Sites/contao/system/modules/tvfi_programme/Programme.php on line 87
[15-Jul-2010 15:00:43] PHP Warning: Cannot modify header information - headers already sent by (output started at /Users/alaittinozcan/Sites/contao/system/functions.php:132) in /Users/alaittinozcan/Sites/contao/system/libraries/Template.php on line 184
[15-Jul-2010 15:00:43] PHP Recoverable error: Argument 2 passed to Programme::boContactVendeursListAsArray() must be an instance of DataContainer, none given, called in /Users/alaittinozcan/Sites/contao/system/libraries/Controller.php on line 2104 and defined in /Users/alaittinozcan/Sites/contao/system/modules/tvfi_programme/Programme.php on line 81
[15-Jul-2010 15:00:43] PHP Warning: Invalid argument supplied for foreach() in /Users/alaittinozcan/Sites/contao/system/modules/tvfi_programme/Programme.php on line 87
[15-Jul-2010 15:00:43] PHP Warning: Cannot modify header information - headers already sent by (output started at /Users/alaittinozcan/Sites/contao/system/functions.php:132) in /Users/alaittinozcan/Sites/contao/system/libraries/Template.php on line 184
[15-Jul-2010 15:02:05] PHP Recoverable error: Argument 2 passed to Programme::boContactVendeursListAsArray() must be an instance of DataContainer, none given, called in /Users/alaittinozcan/Sites/contao/system/libraries/Controller.php on line 2104 and defined in /Users/alaittinozcan/Sites/contao/system/modules/tvfi_programme/Programme.php on line 81
[15-Jul-2010 15:02:05] PHP Warning: Invalid argument supplied for foreach() in /Users/alaittinozcan/Sites/contao/system/modules/tvfi_programme/Programme.php on line 89
[15-Jul-2010 15:02:05] PHP Warning: Cannot modify header information - headers already sent by (output started at /Users/alaittinozcan/Sites/contao/system/functions.php:132) in /Users/alaittinozcan/Sites/contao/system/libraries/Template.php on line 184
[15-Jul-2010 15:02:05] PHP Recoverable error: Argument 2 passed to Programme::boContactVendeursListAsArray() must be an instance of DataContainer, none given, called in /Users/alaittinozcan/Sites/contao/system/libraries/Controller.php on line 2104 and defined in /Users/alaittinozcan/Sites/contao/system/modules/tvfi_programme/Programme.php on line 81
[15-Jul-2010 15:02:05] PHP Warning: Invalid argument supplied for foreach() in /Users/alaittinozcan/Sites/contao/system/modules/tvfi_programme/Programme.php on line 89
[15-Jul-2010 15:02:05] PHP Warning: Cannot modify header information - headers already sent by (output started at /Users/alaittinozcan/Sites/contao/system/functions.php:132) in /Users/alaittinozcan/Sites/contao/system/libraries/Template.php on line 184
[15-Jul-2010 15:06:03] PHP Warning: Invalid argument supplied for foreach() in /Users/alaittinozcan/Sites/contao/system/modules/tvfi_programme/Programme.php on line 89
[15-Jul-2010 15:06:03] PHP Warning: Cannot modify header information - headers already sent by (output started at /Users/alaittinozcan/Sites/contao/system/modules/tvfi_programme/Programme.php:83) in /Users/alaittinozcan/Sites/contao/system/libraries/Template.php on line 184
[15-Jul-2010 15:06:05] PHP Warning: Invalid argument supplied for foreach() in /Users/alaittinozcan/Sites/contao/system/modules/tvfi_programme/Programme.php on line 89
[15-Jul-2010 15:06:05] PHP Warning: Cannot modify header information - headers already sent by (output started at /Users/alaittinozcan/Sites/contao/system/modules/tvfi_programme/Programme.php:83) in /Users/alaittinozcan/Sites/contao/system/libraries/Template.php on line 184
[15-Jul-2010 15:29:02] PHP Warning: Invalid argument supplied for foreach() in /Users/alaittinozcan/Sites/contao/system/modules/tvfi_programme/Programme.php on line 87
[15-Jul-2010 15:29:02] PHP Warning: Cannot modify header information - headers already sent by (output started at /Users/alaittinozcan/Sites/contao/system/functions.php:132) in /Users/alaittinozcan/Sites/contao/templates/be_main.tpl on line 102
[15-Jul-2010 15:29:02] PHP Warning: Cannot modify header information - headers already sent by (output started at /Users/alaittinozcan/Sites/contao/system/functions.php:132) in /Users/alaittinozcan/Sites/contao/system/libraries/Template.php on line 184
[15-Jul-2010 15:29:02] PHP Warning: Invalid argument supplied for foreach() in /Users/alaittinozcan/Sites/contao/system/modules/tvfi_programme/Programme.php on line 87
[15-Jul-2010 15:29:03] PHP Warning: Cannot modify header information - headers already sent by (output started at /Users/alaittinozcan/Sites/contao/system/functions.php:132) in /Users/alaittinozcan/Sites/contao/templates/be_main.tpl on line 102
[15-Jul-2010 15:29:03] PHP Warning: Cannot modify header information - headers already sent by (output started at /Users/alaittinozcan/Sites/contao/system/functions.php:132) in /Users/alaittinozcan/Sites/contao/system/libraries/Template.php on line 184
[15-Jul-2010 15:34:28] PHP Recoverable error: Object of class TvfiHtml could not be converted to string in /Users/alaittinozcan/Sites/contao/system/modules/tvfi__core/TvfiHtml.php on line 130
[15-Jul-2010 15:34:28] PHP Warning: Cannot modify header information - headers already sent by (output started at /Users/alaittinozcan/Sites/contao/system/functions.php:132) in /Users/alaittinozcan/Sites/contao/system/libraries/Template.php on line 184
[15-Jul-2010 15:34:28] PHP Recoverable error: Object of class TvfiHtml could not be converted to string in /Users/alaittinozcan/Sites/contao/system/modules/tvfi__core/TvfiHtml.php on line 130
[15-Jul-2010 15:34:28] PHP Warning: Cannot modify header information - headers already sent by (output started at /Users/alaittinozcan/Sites/contao/system/functions.php:132) in /Users/alaittinozcan/Sites/contao/system/libraries/Template.php on line 184
[15-Jul-2010 15:34:47] PHP Warning: Cannot modify header information - headers already sent by (output started at /Users/alaittinozcan/Sites/contao/system/modules/tvfi__core/TvfiHtml.php:130) in /Users/alaittinozcan/Sites/contao/system/libraries/Template.php on line 184
[15-Jul-2010 15:34:47] PHP Warning: Cannot modify header information - headers already sent by (output started at /Users/alaittinozcan/Sites/contao/system/modules/tvfi__core/TvfiHtml.php:130) in /Users/alaittinozcan/Sites/contao/system/libraries/Template.php on line 184
[15-Jul-2010 15:49:41] PHP Fatal error: Uncaught exception 'Exception' with message 'undefined method:boContactVendeursListAsArray' thrown in /Users/alaittinozcan/Sites/contao/system/modules/tvfi__core/Emodel.php on line 1416
[15-Jul-2010 15:50:00] PHP Warning: Invalid argument supplied for foreach() in /Users/alaittinozcan/Sites/contao/system/modules/tvfi_programme/BoContactVendeur.php on line 74
[15-Jul-2010 15:50:00] PHP Warning: array_keys() expects parameter 1 to be array, null given in /Users/alaittinozcan/Sites/contao/system/drivers/DC_Table.php on line 4420
[15-Jul-2010 15:50:00] PHP Warning: array_intersect() [<a href='function.array-intersect'>function.array-intersect</a>]: Argument #1 is not an array in /Users/alaittinozcan/Sites/contao/system/drivers/DC_Table.php on line 4420
[15-Jul-2010 15:50:00] PHP Warning: Invalid argument supplied for foreach() in /Users/alaittinozcan/Sites/contao/system/drivers/DC_Table.php on line 4427
[15-Jul-2010 15:50:00] PHP Warning: Cannot modify header information - headers already sent by (output started at /Users/alaittinozcan/Sites/contao/system/functions.php:132) in /Users/alaittinozcan/Sites/contao/system/libraries/Template.php on line 184
[15-Jul-2010 15:50:01] PHP Warning: Invalid argument supplied for foreach() in /Users/alaittinozcan/Sites/contao/system/modules/tvfi_programme/BoContactVendeur.php on line 74
[15-Jul-2010 15:50:01] PHP Warning: array_keys() expects parameter 1 to be array, null given in /Users/alaittinozcan/Sites/contao/system/drivers/DC_Table.php on line 4420
[15-Jul-2010 15:50:01] PHP Warning: array_intersect() [<a href='function.array-intersect'>function.array-intersect</a>]: Argument #1 is not an array in /Users/alaittinozcan/Sites/contao/system/drivers/DC_Table.php on line 4420
[15-Jul-2010 15:50:01] PHP Warning: Invalid argument supplied for foreach() in /Users/alaittinozcan/Sites/contao/system/drivers/DC_Table.php on line 4427
[15-Jul-2010 15:50:01] PHP Warning: Cannot modify header information - headers already sent by (output started at /Users/alaittinozcan/Sites/contao/system/functions.php:132) in /Users/alaittinozcan/Sites/contao/system/libraries/Template.php on line 184
[16-Jul-2010 08:41:22] PHP Fatal error: Uncaught exception 'Exception' with message 'Query error: You have an error in your SQL syntax; check the manual that corresponds to your MySQL server version for the right syntax to use near ') ENGINE=MyISAM AUTO_INCREMENT=1 DEFAULT CHARSET=utf8 COLLATE utf8_general_ci' at line 1 (ALTER TABLE `tl_cds_category` ADD ) ENGINE=MyISAM AUTO_INCREMENT=1 DEFAULT CHARSET=utf8 COLLATE utf8_general_ci;)' thrown in /Users/alaittinozcan/Sites/contao/system/libraries/Database.php on line 599
[16-Jul-2010 08:42:55] PHP Fatal error: Uncaught exception 'Exception' with message 'Query error: You have an error in your SQL syntax; check the manual that corresponds to your MySQL server version for the right syntax to use near ') ENGINE=MyISAM AUTO_INCREMENT=1 DEFAULT CHARSET=utf8 COLLATE utf8_general_ci' at line 1 (ALTER TABLE `tl_cds_category` ADD ) ENGINE=MyISAM AUTO_INCREMENT=1 DEFAULT CHARSET=utf8 COLLATE utf8_general_ci;)' thrown in /Users/alaittinozcan/Sites/contao/system/libraries/Database.php on line 599
[16-Jul-2010 08:43:04] PHP Fatal error: Uncaught exception 'Exception' with message 'Query error: Can't DROP 'id'; check that column/key exists (ALTER TABLE `tl_cds` DROP INDEX `id`, ADD PRIMARY KEY (`id`);)' thrown in /Users/alaittinozcan/Sites/contao/system/libraries/Database.php on line 599
[16-Jul-2010 08:58:18] PHP Fatal error: Uncaught exception 'Exception' with message 'Query error: Can't DROP 'id'; check that column/key exists (ALTER TABLE `tl_cds` DROP INDEX `id`, ADD PRIMARY KEY (`id`);)' thrown in /Users/alaittinozcan/Sites/contao/system/libraries/Database.php on line 599
[16-Jul-2010 10:08:46] PHP Warning: Cannot modify header information - headers already sent by (output started at /Users/alaittinozcan/Sites/contao/system/modules/tvfi__core/TvfiHtml.php:173) in /Users/alaittinozcan/Sites/contao/system/libraries/Template.php on line 184
[16-Jul-2010 10:09:33] PHP Warning: Cannot modify header information - headers already sent by (output started at /Users/alaittinozcan/Sites/contao/system/modules/tvfi__core/TvfiHtml.php:169) in /Users/alaittinozcan/Sites/contao/system/libraries/Template.php on line 184
[16-Jul-2010 10:10:13] PHP Warning: Cannot modify header information - headers already sent by (output started at /Users/alaittinozcan/Sites/contao/system/modules/tvfi__core/TvfiHtml.php:155) in /Users/alaittinozcan/Sites/contao/system/libraries/Template.php on line 184
[16-Jul-2010 10:11:06] PHP Warning: Cannot modify header information - headers already sent by (output started at /Users/alaittinozcan/Sites/contao/system/modules/tvfi__core/TvfiHtml.php:176) in /Users/alaittinozcan/Sites/contao/system/libraries/Template.php on line 184
[16-Jul-2010 10:12:13] PHP Warning: Cannot modify header information - headers already sent by (output started at /Users/alaittinozcan/Sites/contao/system/modules/tvfi__core/TvfiHtml.php:176) in /Users/alaittinozcan/Sites/contao/system/libraries/Template.php on line 184
[16-Jul-2010 10:14:46] PHP Warning: Cannot modify header information - headers already sent by (output started at /Users/alaittinozcan/Sites/contao/system/modules/tvfi__core/TvfiHtml.php:176) in /Users/alaittinozcan/Sites/contao/system/libraries/Template.php on line 184
[16-Jul-2010 10:14:48] PHP Warning: Cannot modify header information - headers already sent by (output started at /Users/alaittinozcan/Sites/contao/system/modules/tvfi__core/TvfiHtml.php:176) in /Users/alaittinozcan/Sites/contao/system/libraries/Template.php on line 184
[16-Jul-2010 10:14:51] PHP Warning: Cannot modify header information - headers already sent by (output started at /Users/alaittinozcan/Sites/contao/system/modules/tvfi__core/TvfiHtml.php:176) in /Users/alaittinozcan/Sites/contao/system/libraries/Template.php on line 184
[16-Jul-2010 10:43:01] PHP Warning: Cannot modify header information - headers already sent by (output started at /Users/alaittinozcan/Sites/contao/system/modules/tvfi_bdf/DataVersion.php:51) in /Users/alaittinozcan/Sites/contao/system/libraries/Template.php on line 184
[16-Jul-2010 12:07:37] PHP Warning: Cannot modify header information - headers already sent by (output started at /Users/alaittinozcan/Sites/contao/system/modules/tvfi_bdf/DataVersion.php:81) in /Users/alaittinozcan/Sites/contao/system/libraries/Template.php on line 184
[16-Jul-2010 12:10:29] PHP Warning: Cannot modify header information - headers already sent by (output started at /Users/alaittinozcan/Sites/contao/system/modules/tvfi_bdf/DataVersion.php:81) in /Users/alaittinozcan/Sites/contao/system/libraries/Template.php on line 184
[16-Jul-2010 12:12:04] PHP Warning: Cannot modify header information - headers already sent by (output started at /Users/alaittinozcan/Sites/contao/system/modules/tvfi_bdf/DataVersion.php:81) in /Users/alaittinozcan/Sites/contao/system/libraries/Template.php on line 184
[16-Jul-2010 12:14:29] PHP Warning: Cannot modify header information - headers already sent by (output started at /Users/alaittinozcan/Sites/contao/system/modules/tvfi_bdf/DataVersion.php:81) in /Users/alaittinozcan/Sites/contao/system/libraries/Template.php on line 184
[16-Jul-2010 12:15:34] PHP Warning: Cannot modify header information - headers already sent by (output started at /Users/alaittinozcan/Sites/contao/system/modules/tvfi_bdf/DataVersion.php:81) in /Users/alaittinozcan/Sites/contao/system/libraries/Template.php on line 184
[16-Jul-2010 12:15:56] PHP Warning: Cannot modify header information - headers already sent by (output started at /Users/alaittinozcan/Sites/contao/system/modules/tvfi_bdf/DataVersion.php:81) in /Users/alaittinozcan/Sites/contao/system/libraries/Template.php on line 184
[16-Jul-2010 12:15:58] PHP Warning: Cannot modify header information - headers already sent by (output started at /Users/alaittinozcan/Sites/contao/system/modules/tvfi_bdf/DataVersion.php:81) in /Users/alaittinozcan/Sites/contao/system/libraries/Template.php on line 184
[16-Jul-2010 12:15:58] PHP Warning: Cannot modify header information - headers already sent by (output started at /Users/alaittinozcan/Sites/contao/system/modules/tvfi_bdf/DataVersion.php:81) in /Users/alaittinozcan/Sites/contao/system/libraries/Template.php on line 184
[16-Jul-2010 12:20:52] PHP Warning: Cannot modify header information - headers already sent by (output started at /Users/alaittinozcan/Sites/contao/system/modules/tvfi_bdf/DataVersion.php:81) in /Users/alaittinozcan/Sites/contao/system/libraries/Template.php on line 184
[16-Jul-2010 12:21:31] PHP Warning: Cannot modify header information - headers already sent by (output started at /Users/alaittinozcan/Sites/contao/system/modules/tvfi_bdf/DataVersion.php:81) in /Users/alaittinozcan/Sites/contao/system/libraries/Template.php on line 184
[16-Jul-2010 12:30:41] PHP Warning: Cannot modify header information - headers already sent by (output started at /Users/alaittinozcan/Sites/contao/system/modules/tvfi_bdf/DataVersion.php:81) in /Users/alaittinozcan/Sites/contao/system/libraries/Template.php on line 184
[16-Jul-2010 12:30:42] PHP Warning: Cannot modify header information - headers already sent by (output started at /Users/alaittinozcan/Sites/contao/system/modules/tvfi_bdf/DataVersion.php:81) in /Users/alaittinozcan/Sites/contao/system/libraries/Template.php on line 184
[16-Jul-2010 12:31:02] PHP Warning: Cannot modify header information - headers already sent by (output started at /Users/alaittinozcan/Sites/contao/system/modules/tvfi_bdf/DataVersion.php:81) in /Users/alaittinozcan/Sites/contao/system/libraries/Template.php on line 184
[16-Jul-2010 12:31:24] PHP Warning: Cannot modify header information - headers already sent by (output started at /Users/alaittinozcan/Sites/contao/system/modules/tvfi_bdf/DataVersion.php:81) in /Users/alaittinozcan/Sites/contao/system/libraries/Template.php on line 184
[16-Jul-2010 12:31:37] PHP Warning: Cannot modify header information - headers already sent by (output started at /Users/alaittinozcan/Sites/contao/system/modules/tvfi_bdf/DataVersion.php:81) in /Users/alaittinozcan/Sites/contao/system/libraries/Template.php on line 184
[16-Jul-2010 12:31:54] PHP Warning: Cannot modify header information - headers already sent by (output started at /Users/alaittinozcan/Sites/contao/system/modules/tvfi_bdf/DataVersion.php:81) in /Users/alaittinozcan/Sites/contao/system/libraries/Template.php on line 184
[16-Jul-2010 12:31:54] PHP Warning: Cannot modify header information - headers already sent by (output started at /Users/alaittinozcan/Sites/contao/system/modules/tvfi_bdf/DataVersion.php:81) in /Users/alaittinozcan/Sites/contao/system/libraries/Template.php on line 184
[16-Jul-2010 12:36:19] PHP Warning: Cannot modify header information - headers already sent by (output started at /Users/alaittinozcan/Sites/contao/system/modules/tvfi_bdf/DataVersion.php:81) in /Users/alaittinozcan/Sites/contao/system/libraries/Template.php on line 184
[16-Jul-2010 12:36:19] PHP Warning: Cannot modify header information - headers already sent by (output started at /Users/alaittinozcan/Sites/contao/system/modules/tvfi_bdf/DataVersion.php:81) in /Users/alaittinozcan/Sites/contao/system/libraries/Template.php on line 184
[16-Jul-2010 12:36:19] PHP Warning: Cannot modify header information - headers already sent by (output started at /Users/alaittinozcan/Sites/contao/system/modules/tvfi_bdf/DataVersion.php:81) in /Users/alaittinozcan/Sites/contao/system/libraries/Template.php on line 184
[16-Jul-2010 12:36:19] PHP Warning: Cannot modify header information - headers already sent by (output started at /Users/alaittinozcan/Sites/contao/system/modules/tvfi_bdf/DataVersion.php:81) in /Users/alaittinozcan/Sites/contao/system/libraries/Template.php on line 184
[16-Jul-2010 12:36:23] PHP Warning: Cannot modify header information - headers already sent by (output started at /Users/alaittinozcan/Sites/contao/system/modules/tvfi_bdf/DataVersion.php:81) in /Users/alaittinozcan/Sites/contao/system/libraries/Template.php on line 184
[16-Jul-2010 12:36:36] PHP Warning: Cannot modify header information - headers already sent by (output started at /Users/alaittinozcan/Sites/contao/system/modules/tvfi_bdf/DataVersion.php:81) in /Users/alaittinozcan/Sites/contao/system/libraries/Template.php on line 184
[16-Jul-2010 12:48:16] PHP Warning: Cannot modify header information - headers already sent by (output started at /Users/alaittinozcan/Sites/contao/system/modules/tvfi_bdf/DataVersion.php:81) in /Users/alaittinozcan/Sites/contao/system/libraries/Template.php on line 184
[16-Jul-2010 12:48:28] PHP Warning: Cannot modify header information - headers already sent by (output started at /Users/alaittinozcan/Sites/contao/system/modules/tvfi_bdf/DataVersion.php:81) in /Users/alaittinozcan/Sites/contao/system/libraries/Template.php on line 184
[16-Jul-2010 12:48:30] PHP Warning: Cannot modify header information - headers already sent by (output started at /Users/alaittinozcan/Sites/contao/system/modules/tvfi_bdf/DataVersion.php:81) in /Users/alaittinozcan/Sites/contao/system/libraries/Template.php on line 184
[16-Jul-2010 12:48:30] PHP Warning: Cannot modify header information - headers already sent by (output started at /Users/alaittinozcan/Sites/contao/system/modules/tvfi_bdf/DataVersion.php:81) in /Users/alaittinozcan/Sites/contao/system/libraries/Template.php on line 184
[16-Jul-2010 12:49:31] PHP Warning: Cannot modify header information - headers already sent by (output started at /Users/alaittinozcan/Sites/contao/system/modules/tvfi_bdf/DataVersion.php:81) in /Users/alaittinozcan/Sites/contao/system/libraries/Template.php on line 184
[16-Jul-2010 12:49:33] PHP Warning: Cannot modify header information - headers already sent by (output started at /Users/alaittinozcan/Sites/contao/system/modules/tvfi_bdf/DataVersion.php:81) in /Users/alaittinozcan/Sites/contao/system/libraries/Template.php on line 184
[16-Jul-2010 13:00:32] PHP Warning: Cannot modify header information - headers already sent by (output started at /Users/alaittinozcan/Sites/contao/system/modules/tvfi__core/TvfiHtml.php:180) in /Users/alaittinozcan/Sites/contao/system/libraries/Template.php on line 184
[16-Jul-2010 13:17:20] PHP Fatal error: Uncaught exception 'Exception' with message 'Could not find template file "list_societe_utilisateurs"' thrown in /Users/alaittinozcan/Sites/contao/system/libraries/Controller.php on line 85
[16-Jul-2010 13:46:57] PHP Warning: Cannot modify header information - headers already sent by (output started at /Users/alaittinozcan/Sites/contao/system/modules/tvfi_bdf/DataVersion.php:182) in /Users/alaittinozcan/Sites/contao/system/libraries/Template.php on line 184
[16-Jul-2010 13:58:01] PHP Warning: Invalid argument supplied for foreach() in /Users/alaittinozcan/Sites/contao/system/modules/tvfi_bdf/DataVersion.php on line 234
[16-Jul-2010 13:58:01] PHP Warning: Cannot modify header information - headers already sent by (output started at /Users/alaittinozcan/Sites/contao/system/functions.php:132) in /Users/alaittinozcan/Sites/contao/system/modules/tvfi_bdf/DataVersion.php on line 301
[16-Jul-2010 13:59:22] PHP Warning: Invalid argument supplied for foreach() in /Users/alaittinozcan/Sites/contao/system/modules/backend/templates/be_navigation.tpl on line 2
[16-Jul-2010 14:01:22] PHP Warning: Invalid argument supplied for foreach() in /Users/alaittinozcan/Sites/contao/system/modules/backend/templates/be_navigation.tpl on line 2
[16-Jul-2010 14:01:58] PHP Warning: Invalid argument supplied for foreach() in /Users/alaittinozcan/Sites/contao/system/modules/backend/templates/be_navigation.tpl on line 2
[16-Jul-2010 14:30:24] PHP Warning: Invalid argument supplied for foreach() in /Users/alaittinozcan/Sites/contao/system/modules/backend/templates/be_navigation.tpl on line 2
[19-Jul-2010 07:58:41] PHP Fatal error: Could not create a data container object in /Users/alaittinozcan/Sites/contao/system/modules/backend/Backend.php on line 143
[19-Jul-2010 08:00:02] PHP Fatal error: Could not create a data container object in /Users/alaittinozcan/Sites/contao/system/modules/backend/Backend.php on line 143
[19-Jul-2010 08:00:03] PHP Fatal error: Could not create a data container object in /Users/alaittinozcan/Sites/contao/system/modules/backend/Backend.php on line 143
[19-Jul-2010 08:00:03] PHP Fatal error: Could not create a data container object in /Users/alaittinozcan/Sites/contao/system/modules/backend/Backend.php on line 143
[19-Jul-2010 08:00:05] PHP Fatal error: Could not create a data container object in /Users/alaittinozcan/Sites/contao/system/modules/backend/Backend.php on line 143
[19-Jul-2010 08:09:50] PHP Warning: Cannot modify header information - headers already sent by (output started at /Users/alaittinozcan/Sites/contao/system/modules/tvfi__core/TvfiHtml.php:185) in /Users/alaittinozcan/Sites/contao/system/libraries/Template.php on line 184
[19-Jul-2010 08:12:45] PHP Warning: Cannot modify header information - headers already sent by (output started at /Users/alaittinozcan/Sites/contao/system/modules/tvfi__core/TvfiHtml.php:185) in /Users/alaittinozcan/Sites/contao/system/libraries/Template.php on line 184
[19-Jul-2010 08:15:20] PHP Warning: Cannot modify header information - headers already sent by (output started at /Users/alaittinozcan/Sites/contao/system/modules/tvfi__core/TvfiHtml.php:185) in /Users/alaittinozcan/Sites/contao/system/libraries/Template.php on line 184
[19-Jul-2010 08:17:49] PHP Warning: Cannot modify header information - headers already sent by (output started at /Users/alaittinozcan/Sites/contao/system/modules/tvfi__core/TvfiHtml.php:185) in /Users/alaittinozcan/Sites/contao/system/libraries/Template.php on line 184
[19-Jul-2010 09:34:22] PHP Warning: Cannot modify header information - headers already sent by (output started at /Users/alaittinozcan/Sites/contao/system/modules/tvfi_bdf/dca/tl_tvfi_bdf_bo_societe_vendeuse.php:383) in /Users/alaittinozcan/Sites/contao/system/libraries/Template.php on line 184
[19-Jul-2010 09:34:23] PHP Warning: Cannot modify header information - headers already sent by (output started at /Users/alaittinozcan/Sites/contao/system/modules/tvfi_bdf/dca/tl_tvfi_bdf_bo_societe_vendeuse.php:383) in /Users/alaittinozcan/Sites/contao/system/libraries/Template.php on line 184
[19-Jul-2010 09:35:31] PHP Warning: Cannot modify header information - headers already sent by (output started at /Users/alaittinozcan/Sites/contao/system/modules/tvfi_bdf/dca/tl_tvfi_bdf_bo_societe_vendeuse.php:383) in /Users/alaittinozcan/Sites/contao/system/libraries/Template.php on line 184
[19-Jul-2010 09:54:55] PHP Warning: Cannot modify header information - headers already sent by (output started at /Users/alaittinozcan/Sites/contao/system/modules/tvfi_bdf/dca/tl_tvfi_bdf_bo_societe_vendeuse.php:396) in /Users/alaittinozcan/Sites/contao/system/libraries/Template.php on line 184
[19-Jul-2010 09:54:55] PHP Warning: Cannot modify header information - headers already sent by (output started at /Users/alaittinozcan/Sites/contao/system/modules/tvfi_bdf/dca/tl_tvfi_bdf_bo_societe_vendeuse.php:396) in /Users/alaittinozcan/Sites/contao/system/libraries/Template.php on line 184
[19-Jul-2010 10:40:21] PHP Warning: Cannot modify header information - headers already sent by (output started at /Users/alaittinozcan/Sites/contao/system/modules/tvfi_bdf/dca/tl_tvfi_bdf_bo_societe_vendeuse.php:396) in /Users/alaittinozcan/Sites/contao/system/libraries/Template.php on line 184
[19-Jul-2010 10:40:21] PHP Warning: Cannot modify header information - headers already sent by (output started at /Users/alaittinozcan/Sites/contao/system/modules/tvfi_bdf/dca/tl_tvfi_bdf_bo_societe_vendeuse.php:396) in /Users/alaittinozcan/Sites/contao/system/libraries/Template.php on line 184
[19-Jul-2010 10:40:30] PHP Warning: Cannot modify header information - headers already sent by (output started at /Users/alaittinozcan/Sites/contao/system/modules/tvfi_bdf/dca/tl_tvfi_bdf_bo_societe_vendeuse.php:396) in /Users/alaittinozcan/Sites/contao/system/libraries/Template.php on line 184
[19-Jul-2010 10:40:30] PHP Warning: Cannot modify header information - headers already sent by (output started at /Users/alaittinozcan/Sites/contao/system/modules/tvfi_bdf/dca/tl_tvfi_bdf_bo_societe_vendeuse.php:396) in /Users/alaittinozcan/Sites/contao/system/libraries/Template.php on line 184
[19-Jul-2010 10:40:31] PHP Warning: Cannot modify header information - headers already sent by (output started at /Users/alaittinozcan/Sites/contao/system/modules/tvfi_bdf/dca/tl_tvfi_bdf_bo_societe_vendeuse.php:396) in /Users/alaittinozcan/Sites/contao/system/libraries/Template.php on line 184
[19-Jul-2010 10:40:31] PHP Warning: Cannot modify header information - headers already sent by (output started at /Users/alaittinozcan/Sites/contao/system/modules/tvfi_bdf/dca/tl_tvfi_bdf_bo_societe_vendeuse.php:396) in /Users/alaittinozcan/Sites/contao/system/libraries/Template.php on line 184
[19-Jul-2010 10:40:58] PHP Warning: Cannot modify header information - headers already sent by (output started at /Users/alaittinozcan/Sites/contao/system/modules/tvfi_bdf/dca/tl_tvfi_bdf_bo_societe_vendeuse.php:396) in /Users/alaittinozcan/Sites/contao/system/libraries/Template.php on line 184
[19-Jul-2010 10:40:58] PHP Warning: Cannot modify header information - headers already sent by (output started at /Users/alaittinozcan/Sites/contao/system/modules/tvfi_bdf/dca/tl_tvfi_bdf_bo_societe_vendeuse.php:396) in /Users/alaittinozcan/Sites/contao/system/libraries/Template.php on line 184
[19-Jul-2010 10:41:14] PHP Warning: Cannot modify header information - headers already sent by (output started at /Users/alaittinozcan/Sites/contao/system/modules/tvfi_bdf/dca/tl_tvfi_bdf_bo_societe_vendeuse.php:396) in /Users/alaittinozcan/Sites/contao/system/libraries/Template.php on line 184
[19-Jul-2010 10:41:14] PHP Warning: Cannot modify header information - headers already sent by (output started at /Users/alaittinozcan/Sites/contao/system/modules/tvfi_bdf/dca/tl_tvfi_bdf_bo_societe_vendeuse.php:396) in /Users/alaittinozcan/Sites/contao/system/libraries/Template.php on line 184
[19-Jul-2010 10:41:32] PHP Warning: Cannot modify header information - headers already sent by (output started at /Users/alaittinozcan/Sites/contao/system/modules/tvfi_bdf/dca/tl_tvfi_bdf_bo_societe_vendeuse.php:396) in /Users/alaittinozcan/Sites/contao/system/libraries/Template.php on line 184
[19-Jul-2010 10:41:32] PHP Warning: Cannot modify header information - headers already sent by (output started at /Users/alaittinozcan/Sites/contao/system/modules/tvfi_bdf/dca/tl_tvfi_bdf_bo_societe_vendeuse.php:396) in /Users/alaittinozcan/Sites/contao/system/libraries/Template.php on line 184
[19-Jul-2010 10:41:40] PHP Warning: Cannot modify header information - headers already sent by (output started at /Users/alaittinozcan/Sites/contao/system/modules/tvfi_bdf/dca/tl_tvfi_bdf_bo_societe_vendeuse.php:396) in /Users/alaittinozcan/Sites/contao/system/libraries/Template.php on line 184
[19-Jul-2010 10:41:41] PHP Warning: Cannot modify header information - headers already sent by (output started at /Users/alaittinozcan/Sites/contao/system/modules/tvfi_bdf/dca/tl_tvfi_bdf_bo_societe_vendeuse.php:396) in /Users/alaittinozcan/Sites/contao/system/libraries/Template.php on line 184
[19-Jul-2010 12:06:21] PHP Warning: Cannot modify header information - headers already sent by (output started at /Users/alaittinozcan/Sites/contao/system/modules/tvfi_bdf/dca/tl_tvfi_bdf_bo_societe_vendeuse.php:396) in /Users/alaittinozcan/Sites/contao/system/libraries/Template.php on line 184
[19-Jul-2010 12:06:21] PHP Warning: Cannot modify header information - headers already sent by (output started at /Users/alaittinozcan/Sites/contao/system/modules/tvfi_bdf/dca/tl_tvfi_bdf_bo_societe_vendeuse.php:396) in /Users/alaittinozcan/Sites/contao/system/libraries/Template.php on line 184
[19-Jul-2010 12:10:46] PHP Warning: Cannot modify header information - headers already sent by (output started at /Users/alaittinozcan/Sites/contao/system/modules/tvfi_bdf/dca/tl_tvfi_bdf_bo_societe_vendeuse.php:396) in /Users/alaittinozcan/Sites/contao/system/libraries/Template.php on line 184
[19-Jul-2010 12:10:46] PHP Warning: Cannot modify header information - headers already sent by (output started at /Users/alaittinozcan/Sites/contao/system/modules/tvfi_bdf/dca/tl_tvfi_bdf_bo_societe_vendeuse.php:396) in /Users/alaittinozcan/Sites/contao/system/libraries/Template.php on line 184
[19-Jul-2010 12:10:54] PHP Warning: Cannot modify header information - headers already sent by (output started at /Users/alaittinozcan/Sites/contao/system/modules/tvfi_bdf/dca/tl_tvfi_bdf_bo_societe_vendeuse.php:396) in /Users/alaittinozcan/Sites/contao/system/libraries/Template.php on line 184
[19-Jul-2010 12:10:54] PHP Warning: Cannot modify header information - headers already sent by (output started at /Users/alaittinozcan/Sites/contao/system/modules/tvfi_bdf/dca/tl_tvfi_bdf_bo_societe_vendeuse.php:396) in /Users/alaittinozcan/Sites/contao/system/libraries/Template.php on line 184
[19-Jul-2010 14:47:55] PHP Warning: Cannot modify header information - headers already sent by (output started at /Users/alaittinozcan/Sites/contao/system/modules/tvfi_bdf/DataVersion.php:140) in /Users/alaittinozcan/Sites/contao/system/libraries/Template.php on line 184
[19-Jul-2010 14:48:22] PHP Warning: Cannot modify header information - headers already sent by (output started at /Users/alaittinozcan/Sites/contao/system/modules/tvfi_bdf/DataVersion.php:140) in /Users/alaittinozcan/Sites/contao/system/libraries/Template.php on line 184
[19-Jul-2010 14:48:33] PHP Warning: Cannot modify header information - headers already sent by (output started at /Users/alaittinozcan/Sites/contao/system/modules/tvfi_bdf/DataVersion.php:140) in /Users/alaittinozcan/Sites/contao/system/libraries/Template.php on line 184
[19-Jul-2010 14:55:35] PHP Warning: Cannot modify header information - headers already sent by (output started at /Users/alaittinozcan/Sites/contao/system/modules/tvfi_bdf/DataVersion.php:140) in /Users/alaittinozcan/Sites/contao/system/libraries/Template.php on line 184
[19-Jul-2010 14:56:05] PHP Warning: Cannot modify header information - headers already sent by (output started at /Users/alaittinozcan/Sites/contao/system/modules/tvfi_bdf/DataVersion.php:140) in /Users/alaittinozcan/Sites/contao/system/libraries/Template.php on line 184
[19-Jul-2010 14:59:21] PHP Warning: Cannot modify header information - headers already sent by (output started at /Users/alaittinozcan/Sites/contao/system/modules/tvfi_bdf/DataVersion.php:60) in /Users/alaittinozcan/Sites/contao/system/libraries/Template.php on line 184
[19-Jul-2010 15:30:16] PHP Warning: Cannot modify header information - headers already sent by (output started at /Users/alaittinozcan/Sites/contao/typolight/main.php:97) in /Users/alaittinozcan/Sites/contao/system/libraries/Template.php on line 184
[19-Jul-2010 15:31:51] PHP Warning: Cannot modify header information - headers already sent by (output started at /Users/alaittinozcan/Sites/contao/typolight/main.php:97) in /Users/alaittinozcan/Sites/contao/system/libraries/Template.php on line 184
[19-Jul-2010 15:38:55] PHP Warning: Cannot modify header information - headers already sent by (output started at /Users/alaittinozcan/Sites/contao/typolight/main.php:97) in /Users/alaittinozcan/Sites/contao/system/libraries/Template.php on line 184
[19-Jul-2010 15:57:35] PHP Warning: Cannot modify header information - headers already sent by (output started at /Users/alaittinozcan/Sites/contao/system/modules/tvfi_bdf/dca/tl_tvfi_bdf_bo_societe_vendeuse.php:503) in /Users/alaittinozcan/Sites/contao/system/libraries/Template.php on line 184
[19-Jul-2010 15:57:35] PHP Warning: Cannot modify header information - headers already sent by (output started at /Users/alaittinozcan/Sites/contao/system/modules/tvfi_bdf/dca/tl_tvfi_bdf_bo_societe_vendeuse.php:503) in /Users/alaittinozcan/Sites/contao/system/libraries/Template.php on line 184
[20-Jul-2010 08:22:20] PHP Warning: Invalid argument supplied for foreach() in /Users/alaittinozcan/Sites/contao/system/modules/tvfi_programme/BoContactVendeur.php on line 75
[20-Jul-2010 08:22:21] PHP Warning: Cannot modify header information - headers already sent by (output started at /Users/alaittinozcan/Sites/contao/system/functions.php:132) in /Users/alaittinozcan/Sites/contao/system/libraries/Template.php on line 184
[20-Jul-2010 08:22:22] PHP Warning: Invalid argument supplied for foreach() in /Users/alaittinozcan/Sites/contao/system/modules/tvfi_programme/BoContactVendeur.php on line 75
[20-Jul-2010 08:22:23] PHP Warning: Cannot modify header information - headers already sent by (output started at /Users/alaittinozcan/Sites/contao/system/functions.php:132) in /Users/alaittinozcan/Sites/contao/system/libraries/Template.php on line 184
[20-Jul-2010 08:23:23] PHP Warning: Invalid argument supplied for foreach() in /Users/alaittinozcan/Sites/contao/system/modules/tvfi_programme/BoContactVendeur.php on line 75
[20-Jul-2010 08:23:25] PHP Warning: Cannot modify header information - headers already sent by (output started at /Users/alaittinozcan/Sites/contao/system/modules/tvfi_programme/BoContactVendeur.php:74) in /Users/alaittinozcan/Sites/contao/system/libraries/Template.php on line 184
[20-Jul-2010 08:23:25] PHP Warning: Invalid argument supplied for foreach() in /Users/alaittinozcan/Sites/contao/system/modules/tvfi_programme/BoContactVendeur.php on line 75
[20-Jul-2010 08:23:27] PHP Warning: Cannot modify header information - headers already sent by (output started at /Users/alaittinozcan/Sites/contao/system/modules/tvfi_programme/BoContactVendeur.php:74) in /Users/alaittinozcan/Sites/contao/system/libraries/Template.php on line 184
[20-Jul-2010 08:24:53] PHP Warning: Invalid argument supplied for foreach() in /Users/alaittinozcan/Sites/contao/system/modules/tvfi_programme/BoContactVendeur.php on line 75
[20-Jul-2010 08:24:55] PHP Warning: Cannot modify header information - headers already sent by (output started at /Users/alaittinozcan/Sites/contao/system/functions.php:132) in /Users/alaittinozcan/Sites/contao/system/libraries/Template.php on line 184
[20-Jul-2010 08:24:55] PHP Warning: Invalid argument supplied for foreach() in /Users/alaittinozcan/Sites/contao/system/modules/tvfi_programme/BoContactVendeur.php on line 75
[20-Jul-2010 08:24:57] PHP Warning: Cannot modify header information - headers already sent by (output started at /Users/alaittinozcan/Sites/contao/system/functions.php:132) in /Users/alaittinozcan/Sites/contao/system/libraries/Template.php on line 184
[20-Jul-2010 08:26:39] PHP Warning: Invalid argument supplied for foreach() in /Users/alaittinozcan/Sites/contao/system/modules/tvfi_programme/BoContactVendeur.php on line 75
[20-Jul-2010 08:26:41] PHP Warning: Cannot modify header information - headers already sent by (output started at /Users/alaittinozcan/Sites/contao/system/functions.php:132) in /Users/alaittinozcan/Sites/contao/system/libraries/Template.php on line 184
[20-Jul-2010 08:26:41] PHP Warning: Invalid argument supplied for foreach() in /Users/alaittinozcan/Sites/contao/system/modules/tvfi_programme/BoContactVendeur.php on line 75
[20-Jul-2010 08:26:43] PHP Warning: Cannot modify header information - headers already sent by (output started at /Users/alaittinozcan/Sites/contao/system/functions.php:132) in /Users/alaittinozcan/Sites/contao/system/libraries/Template.php on line 184
[20-Jul-2010 08:46:15] PHP Fatal error: Uncaught exception 'Exception' with message 'undefined method:boContactVendeursListAsArray' thrown in /Users/alaittinozcan/Sites/contao/system/modules/tvfi__core/Emodel.php on line 1416
[20-Jul-2010 08:46:24] PHP Fatal error: Uncaught exception 'Exception' with message 'undefined method:boContactVendeursListAsArray' thrown in /Users/alaittinozcan/Sites/contao/system/modules/tvfi__core/Emodel.php on line 1416
[20-Jul-2010 08:49:18] PHP Fatal error: Uncaught exception 'Exception' with message 'undefined method:boContactVendeursListAsArray' thrown in /Users/alaittinozcan/Sites/contao/system/modules/tvfi__core/Emodel.php on line 1416
[20-Jul-2010 08:49:19] PHP Fatal error: Uncaught exception 'Exception' with message 'undefined method:boContactVendeursListAsArray' thrown in /Users/alaittinozcan/Sites/contao/system/modules/tvfi__core/Emodel.php on line 1416
[20-Jul-2010 08:49:20] PHP Fatal error: Uncaught exception 'Exception' with message 'undefined method:boContactVendeursListAsArray' thrown in /Users/alaittinozcan/Sites/contao/system/modules/tvfi__core/Emodel.php on line 1416
[20-Jul-2010 08:49:20] PHP Fatal error: Uncaught exception 'Exception' with message 'undefined method:boContactVendeursListAsArray' thrown in /Users/alaittinozcan/Sites/contao/system/modules/tvfi__core/Emodel.php on line 1416
[20-Jul-2010 09:39:25] PHP Warning: Cannot modify header information - headers already sent by (output started at /Users/alaittinozcan/Sites/contao/system/modules/tvfi_programme/FoContactVendeur.php:72) in /Users/alaittinozcan/Sites/contao/system/libraries/Template.php on line 184
[20-Jul-2010 09:40:13] PHP Warning: Cannot modify header information - headers already sent by (output started at /Users/alaittinozcan/Sites/contao/system/modules/tvfi_programme/FoContactVendeur.php:73) in /Users/alaittinozcan/Sites/contao/system/libraries/Template.php on line 184
[20-Jul-2010 09:48:22] PHP Warning: Cannot modify header information - headers already sent by (output started at /Users/alaittinozcan/Sites/contao/system/modules/tvfi_programme/FoContactVendeur.php:72) in /Users/alaittinozcan/Sites/contao/system/libraries/Template.php on line 184
[20-Jul-2010 09:50:13] PHP Warning: Cannot modify header information - headers already sent by (output started at /Users/alaittinozcan/Sites/contao/system/modules/tvfi_programme/FoContactVendeur.php:72) in /Users/alaittinozcan/Sites/contao/system/libraries/Template.php on line 184
[20-Jul-2010 09:50:38] PHP Warning: Cannot modify header information - headers already sent by (output started at /Users/alaittinozcan/Sites/contao/system/modules/tvfi_programme/FoContactVendeur.php:72) in /Users/alaittinozcan/Sites/contao/system/libraries/Template.php on line 184
[20-Jul-2010 09:51:18] PHP Warning: Cannot modify header information - headers already sent by (output started at /Users/alaittinozcan/Sites/contao/system/modules/tvfi_programme/FoContactVendeur.php:72) in /Users/alaittinozcan/Sites/contao/system/libraries/Template.php on line 184
[20-Jul-2010 09:51:54] PHP Warning: Cannot modify header information - headers already sent by (output started at /Users/alaittinozcan/Sites/contao/system/modules/tvfi__core/TvfiHtml.php:135) in /Users/alaittinozcan/Sites/contao/system/libraries/Template.php on line 184
[20-Jul-2010 09:51:54] PHP Warning: Cannot modify header information - headers already sent by (output started at /Users/alaittinozcan/Sites/contao/system/modules/tvfi__core/TvfiHtml.php:135) in /Users/alaittinozcan/Sites/contao/system/libraries/Template.php on line 184
[20-Jul-2010 09:52:19] PHP Warning: Cannot modify header information - headers already sent by (output started at /Users/alaittinozcan/Sites/contao/system/modules/tvfi__core/TvfiHtml.php:135) in /Users/alaittinozcan/Sites/contao/system/libraries/Template.php on line 184
[20-Jul-2010 09:52:27] PHP Warning: Cannot modify header information - headers already sent by (output started at /Users/alaittinozcan/Sites/contao/system/modules/tvfi__core/TvfiHtml.php:135) in /Users/alaittinozcan/Sites/contao/system/libraries/Template.php on line 184
[20-Jul-2010 09:52:31] PHP Warning: Cannot modify header information - headers already sent by (output started at /Users/alaittinozcan/Sites/contao/system/modules/tvfi_programme/FoContactVendeur.php:72) in /Users/alaittinozcan/Sites/contao/system/libraries/Template.php on line 184
[20-Jul-2010 09:53:20] PHP Warning: Cannot modify header information - headers already sent by (output started at /Users/alaittinozcan/Sites/contao/system/modules/tvfi_programme/FoContactVendeur.php:72) in /Users/alaittinozcan/Sites/contao/system/libraries/Template.php on line 184
[20-Jul-2010 09:53:20] PHP Warning: Cannot modify header information - headers already sent by (output started at /Users/alaittinozcan/Sites/contao/system/modules/tvfi_programme/FoContactVendeur.php:72) in /Users/alaittinozcan/Sites/contao/system/libraries/Template.php on line 184
[20-Jul-2010 09:53:30] PHP Warning: Cannot modify header information - headers already sent by (output started at /Users/alaittinozcan/Sites/contao/system/modules/tvfi_programme/FoContactVendeur.php:72) in /Users/alaittinozcan/Sites/contao/system/libraries/Template.php on line 184
[20-Jul-2010 09:54:05] PHP Warning: Cannot modify header information - headers already sent by (output started at /Users/alaittinozcan/Sites/contao/system/modules/tvfi__core/TvfiHtml.php:135) in /Users/alaittinozcan/Sites/contao/system/libraries/Template.php on line 184
[20-Jul-2010 11:10:52] PHP Fatal error: Uncaught exception 'Exception' with message 'Query error: Table 'tvfi_contao.tl_tvfi_fo_contact_vendeur' doesn't exist (SHOW COLUMNS FROM `tl_tvfi_fo_contact_vendeur`)' thrown in /Users/alaittinozcan/Sites/contao/system/libraries/Database.php on line 599
[20-Jul-2010 12:25:41] PHP Fatal error: Uncaught exception 'Exception' with message 'Query error: Table 'tvfi_contao.tl_tvfi_fo_contact_vendeur' doesn't exist (SHOW COLUMNS FROM `tl_tvfi_fo_contact_vendeur`)' thrown in /Users/alaittinozcan/Sites/contao/system/libraries/Database.php on line 599
[20-Jul-2010 12:26:23] PHP Fatal error: Uncaught exception 'Exception' with message 'Query error: Unknown column 'pid' in 'where clause' (select * from `tl_tvfi_bdf_contact` where pid = '50' order by id)' thrown in /Users/alaittinozcan/Sites/contao/system/libraries/Database.php on line 599
[20-Jul-2010 12:29:31] PHP Fatal error: Uncaught exception 'Exception' with message 'Query error: Unknown column 'pid' in 'where clause' (select * from `tl_tvfi_bdf_contact` where pid = '50' order by id)' thrown in /Users/alaittinozcan/Sites/contao/system/libraries/Database.php on line 599
[20-Jul-2010 12:29:32] PHP Fatal error: Uncaught exception 'Exception' with message 'Query error: Unknown column 'pid' in 'where clause' (select * from `tl_tvfi_bdf_contact` where pid = '50' order by id)' thrown in /Users/alaittinozcan/Sites/contao/system/libraries/Database.php on line 599
[20-Jul-2010 12:29:32] PHP Fatal error: Uncaught exception 'Exception' with message 'Query error: Unknown column 'pid' in 'where clause' (select * from `tl_tvfi_bdf_contact` where pid = '50' order by id)' thrown in /Users/alaittinozcan/Sites/contao/system/libraries/Database.php on line 599
[20-Jul-2010 12:30:17] PHP Fatal error: Uncaught exception 'Exception' with message 'Query error: Unknown column 'pid' in 'where clause' (select * from `tl_tvfi_bdf_contact` where pid = '50' order by id)' thrown in /Users/alaittinozcan/Sites/contao/system/libraries/Database.php on line 599
[20-Jul-2010 12:30:18] PHP Fatal error: Uncaught exception 'Exception' with message 'Query error: Unknown column 'pid' in 'where clause' (select * from `tl_tvfi_bdf_contact` where pid = '50' order by id)' thrown in /Users/alaittinozcan/Sites/contao/system/libraries/Database.php on line 599
[20-Jul-2010 12:30:18] PHP Fatal error: Uncaught exception 'Exception' with message 'Query error: Unknown column 'pid' in 'where clause' (select * from `tl_tvfi_bdf_contact` where pid = '50' order by id)' thrown in /Users/alaittinozcan/Sites/contao/system/libraries/Database.php on line 599
[20-Jul-2010 12:30:19] PHP Fatal error: Uncaught exception 'Exception' with message 'Query error: Unknown column 'pid' in 'where clause' (select * from `tl_tvfi_bdf_contact` where pid = '50' order by id)' thrown in /Users/alaittinozcan/Sites/contao/system/libraries/Database.php on line 599
[20-Jul-2010 12:30:19] PHP Fatal error: Uncaught exception 'Exception' with message 'Query error: Unknown column 'pid' in 'where clause' (select * from `tl_tvfi_bdf_contact` where pid = '50' order by id)' thrown in /Users/alaittinozcan/Sites/contao/system/libraries/Database.php on line 599
[20-Jul-2010 12:30:19] PHP Fatal error: Uncaught exception 'Exception' with message 'Query error: Unknown column 'pid' in 'where clause' (select * from `tl_tvfi_bdf_contact` where pid = '50' order by id)' thrown in /Users/alaittinozcan/Sites/contao/system/libraries/Database.php on line 599
